This file contains any messages produced by compilers while
running configure, to aid debugging if configure makes a mistake.

It was created by Haskell time package configure 1.8, which was
generated by GNU Autoconf 2.69.  Invocation command line was

  $ //home/gabriel/Documentos/datilografia/time-1.9.3/configure --with-compiler=ghc --prefix=/home/gabriel/.cabal --bindir=/home/gabriel/.cabal/bin --libdir=/home/gabriel/.cabal/lib/x86_64-linux-ghc-8.8.4/time-1.9.3-inplace --libexecdir=/home/gabriel/.cabal/libexec/x86_64-linux-ghc-8.8.4/time-1.9.3 --datadir=/home/gabriel/.cabal/share/x86_64-linux-ghc-8.8.4/time-1.9.3 --sysconfdir=/home/gabriel/.cabal/etc CC=/usr/bin/x86_64-linux-gnu-gcc

## --------- ##
## Platform. ##
## --------- ##

hostname = gabriel-S14SL01
uname -m = x86_64
uname -r = 5.11.0-49-generic
uname -s = Linux
uname -v = #55-Ubuntu SMP Wed Jan 12 17:36:34 UTC 2022

/usr/bin/uname -p = x86_64
/bin/uname -X     = unknown

/bin/arch              = x86_64
/usr/bin/arch -k       = unknown
/usr/convex/getsysinfo = unknown
/usr/bin/hostinfo      = unknown
/bin/machine           = unknown
/usr/bin/oslevel       = unknown
/bin/universe          = unknown

PATH: /home/gabriel/.cabal/bin
PATH: /usr/local/sbin
PATH: /usr/local/bin
PATH: /usr/sbin
PATH: /usr/bin
PATH: /sbin
PATH: /bin
PATH: /usr/games
PATH: /usr/local/games
PATH: /snap/bin
PATH: /snap/bin
PATH: /usr/lib/jvm/java-11-openjdk-amd64


## ----------- ##
## Core tests. ##
## ----------- ##

configure:2275: checking for gcc
configure:2302: result: /usr/bin/x86_64-linux-gnu-gcc
configure:2531: checking for C compiler version
configure:2540: /usr/bin/x86_64-linux-gnu-gcc --version >&5
x86_64-linux-gnu-gcc (Ubuntu 10.3.0-1ubuntu1) 10.3.0
Copyright (C) 2020 Free Software Foundation, Inc.
This is free software; see the source for copying conditions.  There is NO
warranty; not even for MERCHANTABILITY or FITNESS FOR A PARTICULAR PURPOSE.

configure:2551: $? = 0
configure:2540: /usr/bin/x86_64-linux-gnu-gcc -v >&5
Using built-in specs.
COLLECT_GCC=/usr/bin/x86_64-linux-gnu-gcc
COLLECT_LTO_WRAPPER=/usr/lib/gcc/x86_64-linux-gnu/10/lto-wrapper
OFFLOAD_TARGET_NAMES=nvptx-none:amdgcn-amdhsa:hsa
OFFLOAD_TARGET_DEFAULT=1
Target: x86_64-linux-gnu
Configured with: ../src/configure -v --with-pkgversion='Ubuntu 10.3.0-1ubuntu1' --with-bugurl=file:///usr/share/doc/gcc-10/README.Bugs --enable-languages=c,ada,c++,go,brig,d,fortran,objc,obj-c++,m2 --prefix=/usr --with-gcc-major-version-only --program-suffix=-10 --program-prefix=x86_64-linux-gnu- --enable-shared --enable-linker-build-id --libexecdir=/usr/lib --without-included-gettext --enable-threads=posix --libdir=/usr/lib --enable-nls --enable-bootstrap --enable-clocale=gnu --enable-libstdcxx-debug --enable-libstdcxx-time=yes --with-default-libstdcxx-abi=new --enable-gnu-unique-object --disable-vtable-verify --enable-plugin --enable-default-pie --with-system-zlib --enable-libphobos-checking=release --with-target-system-zlib=auto --enable-objc-gc=auto --enable-multiarch --disable-werror --with-arch-32=i686 --with-abi=m64 --with-multilib-list=m32,m64,mx32 --enable-multilib --with-tune=generic --enable-offload-targets=nvptx-none=/build/gcc-10-gDeRY6/gcc-10-10.3.0/debian/tmp-nvptx/usr,amdgcn-amdhsa=/build/gcc-10-gDeRY6/gcc-10-10.3.0/debian/tmp-gcn/usr,hsa --without-cuda-driver --enable-checking=release --build=x86_64-linux-gnu --host=x86_64-linux-gnu --target=x86_64-linux-gnu --with-build-config=bootstrap-lto-lean --enable-link-mutex
Thread model: posix
Supported LTO compression algorithms: zlib zstd
gcc version 10.3.0 (Ubuntu 10.3.0-1ubuntu1) 
... rest of stderr output deleted ...
configure:2551: $? = 0
configure:2540: /usr/bin/x86_64-linux-gnu-gcc -V >&5
x86_64-linux-gnu-gcc: error: unrecognized command-line option '-V'
x86_64-linux-gnu-gcc: fatal error: no input files
compilation terminated.
configure:2551: $? = 1
configure:2540: /usr/bin/x86_64-linux-gnu-gcc -qversion >&5
x86_64-linux-gnu-gcc: error: unrecognized command-line option '-qversion'; did you mean '--version'?
x86_64-linux-gnu-gcc: fatal error: no input files
compilation terminated.
configure:2551: $? = 1
configure:2571: checking whether the C compiler works
configure:2593: /usr/bin/x86_64-linux-gnu-gcc -fuse-ld=gold   conftest.c  >&5
configure:2597: $? = 0
configure:2645: result: yes
configure:2648: checking for C compiler default output file name
configure:2650: result: a.out
configure:2656: checking for suffix of executables
configure:2663: /usr/bin/x86_64-linux-gnu-gcc -o conftest -fuse-ld=gold   conftest.c  >&5
configure:2667: $? = 0
configure:2689: result: 
configure:2711: checking whether we are cross compiling
configure:2719: /usr/bin/x86_64-linux-gnu-gcc -o conftest -fuse-ld=gold   conftest.c  >&5
configure:2723: $? = 0
configure:2730: ./conftest
configure:2734: $? = 0
configure:2749: result: no
configure:2754: checking for suffix of object files
configure:2776: /usr/bin/x86_64-linux-gnu-gcc -c -fuse-ld=gold  conftest.c >&5
configure:2780: $? = 0
configure:2801: result: o
configure:2805: checking whether we are using the GNU C compiler
configure:2824: /usr/bin/x86_64-linux-gnu-gcc -c -fuse-ld=gold  conftest.c >&5
configure:2824: $? = 0
configure:2833: result: yes
configure:2842: checking whether /usr/bin/x86_64-linux-gnu-gcc accepts -g
configure:2862: /usr/bin/x86_64-linux-gnu-gcc -c -g  conftest.c >&5
configure:2862: $? = 0
configure:2903: result: yes
configure:2920: checking for /usr/bin/x86_64-linux-gnu-gcc option to accept ISO C89
configure:2983: /usr/bin/x86_64-linux-gnu-gcc  -c -fuse-ld=gold  conftest.c >&5
configure:2983: $? = 0
configure:2996: result: none needed
configure:3023: checking how to run the C preprocessor
configure:3054: /usr/bin/x86_64-linux-gnu-gcc -E  conftest.c
configure:3054: $? = 0
configure:3068: /usr/bin/x86_64-linux-gnu-gcc -E  conftest.c
conftest.c:9:10: fatal error: ac_nonexistent.h: No such file or directory
    9 | #include <ac_nonexistent.h>
      |          ^~~~~~~~~~~~~~~~~~
compilation terminated.
configure:3068: $? = 1
configure: failed program was:
| /* confdefs.h */
| #define PACKAGE_NAME "Haskell time package"
| #define PACKAGE_TARNAME "time"
| #define PACKAGE_VERSION "1.8"
| #define PACKAGE_STRING "Haskell time package 1.8"
| #define PACKAGE_BUGREPORT "ashley@semantic.org"
| #define PACKAGE_URL ""
| /* end confdefs.h.  */
| #include <ac_nonexistent.h>
configure:3093: result: /usr/bin/x86_64-linux-gnu-gcc -E
configure:3113: /usr/bin/x86_64-linux-gnu-gcc -E  conftest.c
configure:3113: $? = 0
configure:3127: /usr/bin/x86_64-linux-gnu-gcc -E  conftest.c
conftest.c:9:10: fatal error: ac_nonexistent.h: No such file or directory
    9 | #include <ac_nonexistent.h>
      |          ^~~~~~~~~~~~~~~~~~
compilation terminated.
configure:3127: $? = 1
configure: failed program was:
| /* confdefs.h */
| #define PACKAGE_NAME "Haskell time package"
| #define PACKAGE_TARNAME "time"
| #define PACKAGE_VERSION "1.8"
| #define PACKAGE_STRING "Haskell time package 1.8"
| #define PACKAGE_BUGREPORT "ashley@semantic.org"
| #define PACKAGE_URL ""
| /* end confdefs.h.  */
| #include <ac_nonexistent.h>
configure:3156: checking for grep that handles long lines and -e
configure:3214: result: /usr/bin/grep
configure:3219: checking for egrep
configure:3281: result: /usr/bin/grep -E
configure:3286: checking for ANSI C header files
configure:3306: /usr/bin/x86_64-linux-gnu-gcc -c -fuse-ld=gold  conftest.c >&5
configure:3306: $? = 0
configure:3379: /usr/bin/x86_64-linux-gnu-gcc -o conftest -fuse-ld=gold   conftest.c  >&5
configure:3379: $? = 0
configure:3379: ./conftest
configure:3379: $? = 0
configure:3390: result: yes
configure:3403: checking for sys/types.h
configure:3403: /usr/bin/x86_64-linux-gnu-gcc -c -fuse-ld=gold  conftest.c >&5
configure:3403: $? = 0
configure:3403: result: yes
configure:3403: checking for sys/stat.h
configure:3403: /usr/bin/x86_64-linux-gnu-gcc -c -fuse-ld=gold  conftest.c >&5
configure:3403: $? = 0
configure:3403: result: yes
configure:3403: checking for stdlib.h
configure:3403: /usr/bin/x86_64-linux-gnu-gcc -c -fuse-ld=gold  conftest.c >&5
configure:3403: $? = 0
configure:3403: result: yes
configure:3403: checking for string.h
configure:3403: /usr/bin/x86_64-linux-gnu-gcc -c -fuse-ld=gold  conftest.c >&5
configure:3403: $? = 0
configure:3403: result: yes
configure:3403: checking for memory.h
configure:3403: /usr/bin/x86_64-linux-gnu-gcc -c -fuse-ld=gold  conftest.c >&5
configure:3403: $? = 0
configure:3403: result: yes
configure:3403: checking for strings.h
configure:3403: /usr/bin/x86_64-linux-gnu-gcc -c -fuse-ld=gold  conftest.c >&5
configure:3403: $? = 0
configure:3403: result: yes
configure:3403: checking for inttypes.h
configure:3403: /usr/bin/x86_64-linux-gnu-gcc -c -fuse-ld=gold  conftest.c >&5
configure:3403: $? = 0
configure:3403: result: yes
configure:3403: checking for stdint.h
configure:3403: /usr/bin/x86_64-linux-gnu-gcc -c -fuse-ld=gold  conftest.c >&5
configure:3403: $? = 0
configure:3403: result: yes
configure:3403: checking for unistd.h
configure:3403: /usr/bin/x86_64-linux-gnu-gcc -c -fuse-ld=gold  conftest.c >&5
configure:3403: $? = 0
configure:3403: result: yes
configure:3416: checking minix/config.h usability
configure:3416: /usr/bin/x86_64-linux-gnu-gcc -c -fuse-ld=gold  conftest.c >&5
conftest.c:52:10: fatal error: minix/config.h: No such file or directory
   52 | #include <minix/config.h>
      |          ^~~~~~~~~~~~~~~~
compilation terminated.
configure:3416: $? = 1
configure: failed program was:
| /* confdefs.h */
| #define PACKAGE_NAME "Haskell time package"
| #define PACKAGE_TARNAME "time"
| #define PACKAGE_VERSION "1.8"
| #define PACKAGE_STRING "Haskell time package 1.8"
| #define PACKAGE_BUGREPORT "ashley@semantic.org"
| #define PACKAGE_URL ""
| #define STDC_HEADERS 1
| #define HAVE_SYS_TYPES_H 1
| #define HAVE_SYS_STAT_H 1
| #define HAVE_STDLIB_H 1
| #define HAVE_STRING_H 1
| #define HAVE_MEMORY_H 1
| #define HAVE_STRINGS_H 1
| #define HAVE_INTTYPES_H 1
| #define HAVE_STDINT_H 1
| #define HAVE_UNISTD_H 1
| /* end confdefs.h.  */
| #include <stdio.h>
| #ifdef HAVE_SYS_TYPES_H
| # include <sys/types.h>
| #endif
| #ifdef HAVE_SYS_STAT_H
| # include <sys/stat.h>
| #endif
| #ifdef STDC_HEADERS
| # include <stdlib.h>
| # include <stddef.h>
| #else
| # ifdef HAVE_STDLIB_H
| #  include <stdlib.h>
| # endif
| #endif
| #ifdef HAVE_STRING_H
| # if !defined STDC_HEADERS && defined HAVE_MEMORY_H
| #  include <memory.h>
| # endif
| # include <string.h>
| #endif
| #ifdef HAVE_STRINGS_H
| # include <strings.h>
| #endif
| #ifdef HAVE_INTTYPES_H
| # include <inttypes.h>
| #endif
| #ifdef HAVE_STDINT_H
| # include <stdint.h>
| #endif
| #ifdef HAVE_UNISTD_H
| # include <unistd.h>
| #endif
| #include <minix/config.h>
configure:3416: result: no
configure:3416: checking minix/config.h presence
configure:3416: /usr/bin/x86_64-linux-gnu-gcc -E  conftest.c
conftest.c:19:10: fatal error: minix/config.h: No such file or directory
   19 | #include <minix/config.h>
      |          ^~~~~~~~~~~~~~~~
compilation terminated.
configure:3416: $? = 1
configure: failed program was:
| /* confdefs.h */
| #define PACKAGE_NAME "Haskell time package"
| #define PACKAGE_TARNAME "time"
| #define PACKAGE_VERSION "1.8"
| #define PACKAGE_STRING "Haskell time package 1.8"
| #define PACKAGE_BUGREPORT "ashley@semantic.org"
| #define PACKAGE_URL ""
| #define STDC_HEADERS 1
| #define HAVE_SYS_TYPES_H 1
| #define HAVE_SYS_STAT_H 1
| #define HAVE_STDLIB_H 1
| #define HAVE_STRING_H 1
| #define HAVE_MEMORY_H 1
| #define HAVE_STRINGS_H 1
| #define HAVE_INTTYPES_H 1
| #define HAVE_STDINT_H 1
| #define HAVE_UNISTD_H 1
| /* end confdefs.h.  */
| #include <minix/config.h>
configure:3416: result: no
configure:3416: checking for minix/config.h
configure:3416: result: no
configure:3437: checking whether it is safe to define __EXTENSIONS__
configure:3455: /usr/bin/x86_64-linux-gnu-gcc -c -fuse-ld=gold  conftest.c >&5
configure:3455: $? = 0
configure:3462: result: yes
configure:3482: checking time.h usability
configure:3482: /usr/bin/x86_64-linux-gnu-gcc -c -fuse-ld=gold  conftest.c >&5
configure:3482: $? = 0
configure:3482: result: yes
configure:3482: checking time.h presence
configure:3482: /usr/bin/x86_64-linux-gnu-gcc -E  conftest.c
configure:3482: $? = 0
configure:3482: result: yes
configure:3482: checking for time.h
configure:3482: result: yes
configure:3495: checking for gmtime_r
configure:3495: /usr/bin/x86_64-linux-gnu-gcc -o conftest -fuse-ld=gold   conftest.c  >&5
configure:3495: $? = 0
configure:3495: result: yes
configure:3495: checking for localtime_r
configure:3495: /usr/bin/x86_64-linux-gnu-gcc -o conftest -fuse-ld=gold   conftest.c  >&5
configure:3495: $? = 0
configure:3495: result: yes
configure:3507: checking for clock_gettime
configure:3507: /usr/bin/x86_64-linux-gnu-gcc -o conftest -fuse-ld=gold   conftest.c  >&5
configure:3507: $? = 0
configure:3507: result: yes
configure:3517: checking whether struct tm is in sys/time.h or time.h
configure:3537: /usr/bin/x86_64-linux-gnu-gcc -c -fuse-ld=gold  conftest.c >&5
configure:3537: $? = 0
configure:3544: result: time.h
configure:3552: checking for struct tm.tm_zone
configure:3552: /usr/bin/x86_64-linux-gnu-gcc -c -fuse-ld=gold  conftest.c >&5
configure:3552: $? = 0
configure:3552: result: yes
configure:3620: checking whether time.h and sys/time.h may both be included
configure:3640: /usr/bin/x86_64-linux-gnu-gcc -c -fuse-ld=gold  conftest.c >&5
configure:3640: $? = 0
configure:3647: result: yes
configure:3657: checking sys/time.h usability
configure:3657: /usr/bin/x86_64-linux-gnu-gcc -c -fuse-ld=gold  conftest.c >&5
configure:3657: $? = 0
configure:3657: result: yes
configure:3657: checking sys/time.h presence
configure:3657: /usr/bin/x86_64-linux-gnu-gcc -E  conftest.c
configure:3657: $? = 0
configure:3657: result: yes
configure:3657: checking for sys/time.h
configure:3657: result: yes
configure:3667: checking whether altzone is declared
configure:3667: /usr/bin/x86_64-linux-gnu-gcc -c -fuse-ld=gold  conftest.c >&5
conftest.c: In function 'main':
conftest.c:50:10: error: 'altzone' undeclared (first use in this function)
   50 |   (void) altzone;
      |          ^~~~~~~
conftest.c:50:10: note: each undeclared identifier is reported only once for each function it appears in
configure:3667: $? = 1
configure: failed program was:
| /* confdefs.h */
| #define PACKAGE_NAME "Haskell time package"
| #define PACKAGE_TARNAME "time"
| #define PACKAGE_VERSION "1.8"
| #define PACKAGE_STRING "Haskell time package 1.8"
| #define PACKAGE_BUGREPORT "ashley@semantic.org"
| #define PACKAGE_URL ""
| #define STDC_HEADERS 1
| #define HAVE_SYS_TYPES_H 1
| #define HAVE_SYS_STAT_H 1
| #define HAVE_STDLIB_H 1
| #define HAVE_STRING_H 1
| #define HAVE_MEMORY_H 1
| #define HAVE_STRINGS_H 1
| #define HAVE_INTTYPES_H 1
| #define HAVE_STDINT_H 1
| #define HAVE_UNISTD_H 1
| #define __EXTENSIONS__ 1
| #define _ALL_SOURCE 1
| #define _GNU_SOURCE 1
| #define _POSIX_PTHREAD_SEMANTICS 1
| #define _TANDEM_SOURCE 1
| #define HAVE_TIME_H 1
| #define HAVE_GMTIME_R 1
| #define HAVE_LOCALTIME_R 1
| #define HAVE_CLOCK_GETTIME 1
| #define HAVE_STRUCT_TM_TM_ZONE 1
| #define HAVE_TM_ZONE 1
| #define TIME_WITH_SYS_TIME 1
| #define HAVE_SYS_TIME_H 1
| /* end confdefs.h.  */
| #if TIME_WITH_SYS_TIME
| # include <sys/time.h>
| # include <time.h>
| #else
| # if HAVE_SYS_TIME_H
| #  include <sys/time.h>
| # else
| #  include <time.h>
| # endif
| #endif
| 
| int
| main ()
| {
| #ifndef altzone
| #ifdef __cplusplus
|   (void) altzone;
| #else
|   (void) altzone;
| #endif
| #endif
| 
|   ;
|   return 0;
| }
configure:3667: result: no
configure:3796: creating ./config.status

## ---------------------- ##
## Running config.status. ##
## ---------------------- ##

This file was extended by Haskell time package config.status 1.8, which was
generated by GNU Autoconf 2.69.  Invocation command line was

  CONFIG_FILES    = 
  CONFIG_HEADERS  = 
  CONFIG_LINKS    = 
  CONFIG_COMMANDS = 
  $ ./config.status 

on gabriel-S14SL01

config.status:688: creating lib/include/HsTimeConfig.h

## ---------------- ##
## Cache variables. ##
## ---------------- ##

ac_cv_c_compiler_gnu=yes
ac_cv_env_CC_set=set
ac_cv_env_CC_value=/usr/bin/x86_64-linux-gnu-gcc
ac_cv_env_CFLAGS_set=set
ac_cv_env_CFLAGS_value=-fuse-ld=gold
ac_cv_env_CPPFLAGS_set=
ac_cv_env_CPPFLAGS_value=
ac_cv_env_CPP_set=
ac_cv_env_CPP_value=
ac_cv_env_LDFLAGS_set=
ac_cv_env_LDFLAGS_value=
ac_cv_env_LIBS_set=
ac_cv_env_LIBS_value=
ac_cv_env_build_alias_set=
ac_cv_env_build_alias_value=
ac_cv_env_host_alias_set=
ac_cv_env_host_alias_value=
ac_cv_env_target_alias_set=
ac_cv_env_target_alias_value=
ac_cv_func_clock_gettime=yes
ac_cv_func_gmtime_r=yes
ac_cv_func_localtime_r=yes
ac_cv_have_decl_altzone=no
ac_cv_header_inttypes_h=yes
ac_cv_header_memory_h=yes
ac_cv_header_minix_config_h=no
ac_cv_header_stdc=yes
ac_cv_header_stdint_h=yes
ac_cv_header_stdlib_h=yes
ac_cv_header_string_h=yes
ac_cv_header_strings_h=yes
ac_cv_header_sys_stat_h=yes
ac_cv_header_sys_time_h=yes
ac_cv_header_sys_types_h=yes
ac_cv_header_time=yes
ac_cv_header_time_h=yes
ac_cv_header_unistd_h=yes
ac_cv_member_struct_tm_tm_zone=yes
ac_cv_objext=o
ac_cv_path_EGREP='/usr/bin/grep -E'
ac_cv_path_GREP=/usr/bin/grep
ac_cv_prog_CPP='/usr/bin/x86_64-linux-gnu-gcc -E'
ac_cv_prog_ac_ct_CC=/usr/bin/x86_64-linux-gnu-gcc
ac_cv_prog_cc_c89=
ac_cv_prog_cc_g=yes
ac_cv_safe_to_define___extensions__=yes
ac_cv_struct_tm=time.h

## ----------------- ##
## Output variables. ##
## ----------------- ##

CC='/usr/bin/x86_64-linux-gnu-gcc'
CFLAGS='-fuse-ld=gold'
CPP='/usr/bin/x86_64-linux-gnu-gcc -E'
CPPFLAGS=''
DEFS='-DHAVE_CONFIG_H'
ECHO_C=''
ECHO_N='-n'
ECHO_T=''
EGREP='/usr/bin/grep -E'
EXEEXT=''
GREP='/usr/bin/grep'
LDFLAGS=''
LIBOBJS=''
LIBS=''
LTLIBOBJS=''
OBJEXT='o'
PACKAGE_BUGREPORT='ashley@semantic.org'
PACKAGE_NAME='Haskell time package'
PACKAGE_STRING='Haskell time package 1.8'
PACKAGE_TARNAME='time'
PACKAGE_URL=''
PACKAGE_VERSION='1.8'
PATH_SEPARATOR=':'
SHELL='/bin/bash'
ac_ct_CC='/usr/bin/x86_64-linux-gnu-gcc'
bindir='/home/gabriel/.cabal/bin'
build_alias=''
datadir='/home/gabriel/.cabal/share/x86_64-linux-ghc-8.8.4/time-1.9.3'
datarootdir='${prefix}/share'
docdir='${datarootdir}/doc/${PACKAGE_TARNAME}'
dvidir='${docdir}'
exec_prefix='${prefix}'
host_alias=''
htmldir='${docdir}'
includedir='${prefix}/include'
infodir='${datarootdir}/info'
libdir='/home/gabriel/.cabal/lib/x86_64-linux-ghc-8.8.4/time-1.9.3-inplace'
libexecdir='/home/gabriel/.cabal/libexec/x86_64-linux-ghc-8.8.4/time-1.9.3'
localedir='${datarootdir}/locale'
localstatedir='${prefix}/var'
mandir='${datarootdir}/man'
oldincludedir='/usr/include'
pdfdir='${docdir}'
prefix='/home/gabriel/.cabal'
program_transform_name='s,x,x,'
psdir='${docdir}'
runstatedir='${localstatedir}/run'
sbindir='${exec_prefix}/sbin'
sharedstatedir='${prefix}/com'
sysconfdir='/home/gabriel/.cabal/etc'
target_alias=''

## ----------- ##
## confdefs.h. ##
## ----------- ##

/* confdefs.h */
#define PACKAGE_NAME "Haskell time package"
#define PACKAGE_TARNAME "time"
#define PACKAGE_VERSION "1.8"
#define PACKAGE_STRING "Haskell time package 1.8"
#define PACKAGE_BUGREPORT "ashley@semantic.org"
#define PACKAGE_URL ""
#define STDC_HEADERS 1
#define HAVE_SYS_TYPES_H 1
#define HAVE_SYS_STAT_H 1
#define HAVE_STDLIB_H 1
#define HAVE_STRING_H 1
#define HAVE_MEMORY_H 1
#define HAVE_STRINGS_H 1
#define HAVE_INTTYPES_H 1
#define HAVE_STDINT_H 1
#define HAVE_UNISTD_H 1
#define __EXTENSIONS__ 1
#define _ALL_SOURCE 1
#define _GNU_SOURCE 1
#define _POSIX_PTHREAD_SEMANTICS 1
#define _TANDEM_SOURCE 1
#define HAVE_TIME_H 1
#define HAVE_GMTIME_R 1
#define HAVE_LOCALTIME_R 1
#define HAVE_CLOCK_GETTIME 1
#define HAVE_STRUCT_TM_TM_ZONE 1
#define HAVE_TM_ZONE 1
#define TIME_WITH_SYS_TIME 1
#define HAVE_SYS_TIME_H 1
#define HAVE_DECL_ALTZONE 0

configure: exit 0
